2021-07-18 19:47:07,132 INFO A empty
2021-07-18 19:47:08,137 INFO A empty
2021-07-18 19:47:09,133 INFO B:B empty
2021-07-18 19:47:09,138 INFO A empty
2021-07-18 19:47:10,138 INFO A empty
2021-07-18 19:47:11,139 INFO A empty
2021-07-18 19:47:12,137 INFO B:B empty
2021-07-18 19:47:12,140 INFO A empty
2021-07-18 19:47:13,140 INFO A empty
2021-07-18 19:47:14,142 INFO A empty
2021-07-18 19:47:15,138 INFO B:B empty
2021-07-18 19:47:15,142 INFO A empty
2021-07-18 19:47:16,142 INFO A empty
2021-07-18 19:47:17,143 INFO A empty
2021-07-18 19:47:18,138 INFO B:B empty
2021-07-18 19:47:18,143 INFO A empty
2021-07-18 19:47:19,144 INFO A empty
2021-07-18 19:47:20,144 INFO A empty
2021-07-18 19:47:21,140 INFO B:B empty
2021-07-18 19:47:21,145 INFO A empty
2021-07-18 19:47:22,145 INFO A empty
2021-07-18 19:47:23,145 INFO A empty
2021-07-18 19:47:24,141 INFO B:B empty
2021-07-18 19:47:24,150 INFO A empty
2021-07-18 19:47:24,383 INFO json add order {'ordernum': 'RSAP21071400002', 'cupcount': 1, 'content': [{'cupnum': 'A0001', 's0': '02', 's1': '01010200030004000500', 's2': '01010200030004000500', 's3': '01000200030004000503', 's4': '01010200030004000500', 's5': '01010200030004000500'}]} from rpc
2021-07-18 19:47:25,150 INFO A:processA [0, 0],order=Content(cupnum='A0001', s0='02', s1='01010200030004000500', s2='01010200030004000500', s3='01000200030004000503', s4='01010200030004000500', s5='01010200030004000500')
2021-07-18 19:47:25,151 INFO A:aprocessA-1 [1, 0],order=Content(cupnum='A0001', s0='02', s1='01010200030004000500', s2='01010200030004000500', s3='01000200030004000503', s4='01010200030004000500', s5='01010200030004000500')
2021-07-18 19:47:25,151 INFO hello-s0-02
2021-07-18 19:47:25,151 INFO A:do s0 A 6 sec
