2021-07-18 16:19:49,407 INFO ./run/02.run,./run/02A.run
2021-07-18 16:19:49,407 INFO **********
2021-07-18 16:19:49,407 INFO ss:02A
2021-07-18 16:19:49,407 INFO 02Astart wait 6 sec
2021-07-18 16:19:51,098 INFO Error:1 , ./run/02.run is run
2021-07-18 16:19:51,144 INFO ./run/01010200030004000500.run,./run/01010200030004000500A.run
2021-07-18 16:19:51,144 INFO **********
2021-07-18 16:19:51,144 INFO ss:01010200030004000500A
2021-07-18 16:19:51,144 INFO 01010200030004000500Astart wait 6 sec
2021-07-18 16:19:55,408 INFO 02A end wait 6 sec
2021-07-18 16:19:55,408 INFO A02done
2021-07-18 16:19:55,456 INFO Error:1 , ./run/01010200030004000500.run is run
2021-07-18 16:19:55,499 INFO Error:1 , ./run/01010200030004000500.run is run
2021-07-18 16:19:55,539 INFO ./run/01000200030004000503.run,./run/01000200030004000503A.run
2021-07-18 16:19:55,540 INFO **********
2021-07-18 16:19:55,540 INFO ss:01000200030004000503A
2021-07-18 16:19:55,540 INFO 01000200030004000503Astart wait 6 sec
2021-07-18 16:19:57,146 INFO 01010200030004000500A end wait 6 sec
2021-07-18 16:19:57,146 INFO A01010200030004000500done
2021-07-18 16:19:57,191 INFO ./run/01010200030004000500.run,./run/01010200030004000500A.run
2021-07-18 16:19:57,192 INFO **********
2021-07-18 16:19:57,192 INFO ss:01010200030004000500A
2021-07-18 16:19:57,192 INFO 01010200030004000500Astart wait 10 sec
